Analysis & Synthesis report for top_level
Sun Mar 19 10:48:53 2023
Quartus Prime Version 21.1.1 Build 850 06/23/2022 SJ Lite Edition


---------------------
; Table of Contents ;
---------------------
  1. Legal Notice
  2. Analysis & Synthesis Summary
  3. Analysis & Synthesis Settings
  4. Parallel Compilation
  5. Analysis & Synthesis Source Files Read
  6. Analysis & Synthesis Resource Usage Summary
  7. Analysis & Synthesis Resource Utilization by Entity
  8. General Register Statistics
  9. Multiplexer Restructuring Statistics (Restructuring Performed)
 10. Parameter Settings for User Entity Instance: Top-level Entity: |top_level
 11. Parameter Settings for User Entity Instance: PC:pc1
 12. Parameter Settings for User Entity Instance: PC_Controller:pc1_ctrl
 13. Parameter Settings for User Entity Instance: instr_ROM:instructions
 14. Parameter Settings for User Entity Instance: immediate_ctrl:immediate_ctrl1
 15. Parameter Settings for User Entity Instance: mux_2x1:reg_dat_mux
 16. Parameter Settings for User Entity Instance: mux_2x1:op1_branch_mux
 17. Parameter Settings for User Entity Instance: mux_2x1:op2_branch_mux
 18. Parameter Settings for User Entity Instance: mux_2x1:op2_address_mux
 19. Parameter Settings for User Entity Instance: mux_2x1:reg_wr_mux
 20. Parameter Settings for User Entity Instance: mux_2x1:xor_operand_select_mux
 21. Parameter Settings for User Entity Instance: alu:alu1
 22. Parameter Settings for User Entity Instance: mux_2x1:alu_in2_mux
 23. Parameter Settings for User Entity Instance: half_byte_parser:hbparser
 24. Parameter Settings for User Entity Instance: Control:ctrl1
 25. Port Connectivity Checks: "mux_2x1:reg_wr_mux"
 26. Port Connectivity Checks: "Register_Mapper:reg_mapper"
 27. Port Connectivity Checks: "mux_2x1:op2_address_mux"
 28. Port Connectivity Checks: "mux_2x1:op2_branch_mux"
 29. Port Connectivity Checks: "mux_2x1:op1_branch_mux"
 30. Post-Synthesis Netlist Statistics for Top Partition
 31. Elapsed Time Per Partition
 32. Analysis & Synthesis Messages
 33. Analysis & Synthesis Suppressed Messages



----------------
; Legal Notice ;
----------------
Copyright (C) 2022  Intel Corporation. All rights reserved.
Your use of Intel Corporation's design tools, logic functions 
and other software and tools, and any partner logic 
functions, and any output files from any of the foregoing 
(including device programming or simulation files), and any 
associated documentation or information are expressly subject 
to the terms and conditions of the Intel Program License 
Subscription Agreement, the Intel Quartus Prime License Agreement,
the Intel FPGA IP License Agreement, or other applicable license
agreement, including, without limitation, that your use is for
the sole purpose of programming logic devices manufactured by
Intel and sold by Intel or its authorized distributors.  Please
refer to the applicable agreement for further details, at
https://fpgasoftware.intel.com/eula.



+----------------------------------------------------------------------------------+
; Analysis & Synthesis Summary                                                     ;
+------------------------------------+---------------------------------------------+
; Analysis & Synthesis Status        ; Successful - Sun Mar 19 10:48:53 2023       ;
; Quartus Prime Version              ; 21.1.1 Build 850 06/23/2022 SJ Lite Edition ;
; Revision Name                      ; top_level                                   ;
; Top-level Entity Name              ; top_level                                   ;
; Family                             ; Cyclone IV E                                ;
; Total logic elements               ; 4,412                                       ;
;     Total combinational functions  ; 2,348                                       ;
;     Dedicated logic registers      ; 2,100                                       ;
; Total registers                    ; 2100                                        ;
; Total pins                         ; 3                                           ;
; Total virtual pins                 ; 0                                           ;
; Total memory bits                  ; 0                                           ;
; Embedded Multiplier 9-bit elements ; 0                                           ;
; Total PLLs                         ; 0                                           ;
+------------------------------------+---------------------------------------------+


+------------------------------------------------------------------------------------------------------------+
; Analysis & Synthesis Settings                                                                              ;
+------------------------------------------------------------------+--------------------+--------------------+
; Option                                                           ; Setting            ; Default Value      ;
+------------------------------------------------------------------+--------------------+--------------------+
; Device                                                           ; EP4CE40F29C6       ;                    ;
; Top-level entity name                                            ; top_level          ; top_level          ;
; Family name                                                      ; Cyclone IV E       ; Cyclone V          ;
; Use smart compilation                                            ; Off                ; Off                ;
; Enable parallel Assembler and Timing Analyzer during compilation ; On                 ; On                 ;
; Enable compact report table                                      ; Off                ; Off                ;
; Restructure Multiplexers                                         ; Auto               ; Auto               ;
; Create Debugging Nodes for IP Cores                              ; Off                ; Off                ;
; Preserve fewer node names                                        ; On                 ; On                 ;
; Intel FPGA IP Evaluation Mode                                    ; Enable             ; Enable             ;
; Verilog Version                                                  ; Verilog_2001       ; Verilog_2001       ;
; VHDL Version                                                     ; VHDL_1993          ; VHDL_1993          ;
; State Machine Processing                                         ; Auto               ; Auto               ;
; Safe State Machine                                               ; Off                ; Off                ;
; Extract Verilog State Machines                                   ; On                 ; On                 ;
; Extract VHDL State Machines                                      ; On                 ; On                 ;
; Ignore Verilog initial constructs                                ; Off                ; Off                ;
; Iteration limit for constant Verilog loops                       ; 5000               ; 5000               ;
; Iteration limit for non-constant Verilog loops                   ; 250                ; 250                ;
; Add Pass-Through Logic to Inferred RAMs                          ; On                 ; On                 ;
; Infer RAMs from Raw Logic                                        ; On                 ; On                 ;
; Parallel Synthesis                                               ; On                 ; On                 ;
; DSP Block Balancing                                              ; Auto               ; Auto               ;
; NOT Gate Push-Back                                               ; On                 ; On                 ;
; Power-Up Don't Care                                              ; On                 ; On                 ;
; Remove Redundant Logic Cells                                     ; Off                ; Off                ;
; Remove Duplicate Registers                                       ; On                 ; On                 ;
; Ignore CARRY Buffers                                             ; Off                ; Off                ;
; Ignore CASCADE Buffers                                           ; Off                ; Off                ;
; Ignore GLOBAL Buffers                                            ; Off                ; Off                ;
; Ignore ROW GLOBAL Buffers                                        ; Off                ; Off                ;
; Ignore LCELL Buffers                                             ; Off                ; Off                ;
; Ignore SOFT Buffers                                              ; On                 ; On                 ;
; Limit AHDL Integers to 32 Bits                                   ; Off                ; Off                ;
; Optimization Technique                                           ; Balanced           ; Balanced           ;
; Carry Chain Length                                               ; 70                 ; 70                 ;
; Auto Carry Chains                                                ; On                 ; On                 ;
; Auto Open-Drain Pins                                             ; On                 ; On                 ;
; Perform WYSIWYG Primitive Resynthesis                            ; Off                ; Off                ;
; Auto ROM Replacement                                             ; On                 ; On                 ;
; Auto RAM Replacement                                             ; On                 ; On                 ;
; Auto DSP Block Replacement                                       ; On                 ; On                 ;
; Auto Shift Register Replacement                                  ; Auto               ; Auto               ;
; Allow Shift Register Merging across Hierarchies                  ; Auto               ; Auto               ;
; Auto Clock Enable Replacement                                    ; On                 ; On                 ;
; Strict RAM Replacement                                           ; Off                ; Off                ;
; Allow Synchronous Control Signals                                ; On                 ; On                 ;
; Force Use of Synchronous Clear Signals                           ; Off                ; Off                ;
; Auto RAM Block Balancing                                         ; On                 ; On                 ;
; Auto RAM to Logic Cell Conversion                                ; Off                ; Off                ;
; Auto Resource Sharing                                            ; Off                ; Off                ;
; Allow Any RAM Size For Recognition                               ; Off                ; Off                ;
; Allow Any ROM Size For Recognition                               ; Off                ; Off                ;
; Allow Any Shift Register Size For Recognition                    ; Off                ; Off                ;
; Use LogicLock Constraints during Resource Balancing              ; On                 ; On                 ;
; Ignore translate_off and synthesis_off directives                ; Off                ; Off                ;
; Timing-Driven Synthesis                                          ; On                 ; On                 ;
; Report Parameter Settings                                        ; On                 ; On                 ;
; Report Source Assignments                                        ; On                 ; On                 ;
; Report Connectivity Checks                                       ; On                 ; On                 ;
; Ignore Maximum Fan-Out Assignments                               ; Off                ; Off                ;
; Synchronization Register Chain Length                            ; 2                  ; 2                  ;
; Power Optimization During Synthesis                              ; Normal compilation ; Normal compilation ;
; HDL message level                                                ; Level2             ; Level2             ;
; Suppress Register Optimization Related Messages                  ; Off                ; Off                ;
; Number of Removed Registers Reported in Synthesis Report         ; 5000               ; 5000               ;
; Number of Swept Nodes Reported in Synthesis Report               ; 5000               ; 5000               ;
; Number of Inverted Registers Reported in Synthesis Report        ; 100                ; 100                ;
; Clock MUX Protection                                             ; On                 ; On                 ;
; Auto Gated Clock Conversion                                      ; Off                ; Off                ;
; Block Design Naming                                              ; Auto               ; Auto               ;
; SDC constraint protection                                        ; Off                ; Off                ;
; Synthesis Effort                                                 ; Auto               ; Auto               ;
; Shift Register Replacement - Allow Asynchronous Clear Signal     ; On                 ; On                 ;
; Pre-Mapping Resynthesis Optimization                             ; Off                ; Off                ;
; Analysis & Synthesis Message Level                               ; Medium             ; Medium             ;
; Disable Register Merging Across Hierarchies                      ; Auto               ; Auto               ;
; Resource Aware Inference For Block RAM                           ; On                 ; On                 ;
+------------------------------------------------------------------+--------------------+--------------------+


+------------------------------------------+
; Parallel Compilation                     ;
+----------------------------+-------------+
; Processors                 ; Number      ;
+----------------------------+-------------+
; Number detected on machine ; 20          ;
; Maximum allowed            ; 14          ;
;                            ;             ;
; Average used               ; 1.01        ;
; Maximum used               ; 14          ;
;                            ;             ;
; Usage by Processor         ; % Time Used ;
;     Processor 1            ; 100.0%      ;
;     Processor 2            ;   0.1%      ;
;     Processor 3            ;   0.1%      ;
;     Processor 4            ;   0.1%      ;
;     Processor 5            ;   0.1%      ;
;     Processors 6-14        ;   0.1%      ;
+----------------------------+-------------+


+---------------------------------------------------------------------------------------------------------------------------------------------------------------------------------------------------------+
; Analysis & Synthesis Source Files Read                                                                                                                                                                  ;
+------------------------------------------------------------------+-----------------+------------------------------+---------------------------------------------------------------------------+---------+
; File Name with User-Entered Path                                 ; Used in Netlist ; File Type                    ; File Name with Absolute Path                                              ; Library ;
+------------------------------------------------------------------+-----------------+------------------------------+---------------------------------------------------------------------------+---------+
; ../../Verilog/top_level.sv                                       ; yes             ; User SystemVerilog HDL File  ; C:/Users/Hurl3/Desktop/CSE141LTermProject/Verilog/top_level.sv            ;         ;
; ../../Verilog/register_mapper.sv                                 ; yes             ; User SystemVerilog HDL File  ; C:/Users/Hurl3/Desktop/CSE141LTermProject/Verilog/register_mapper.sv      ;         ;
; ../../Verilog/reg_file.sv                                        ; yes             ; User SystemVerilog HDL File  ; C:/Users/Hurl3/Desktop/CSE141LTermProject/Verilog/reg_file.sv             ;         ;
; ../../Verilog/PC_Controller.sv                                   ; yes             ; User SystemVerilog HDL File  ; C:/Users/Hurl3/Desktop/CSE141LTermProject/Verilog/PC_Controller.sv        ;         ;
; ../../Verilog/PC.sv                                              ; yes             ; User SystemVerilog HDL File  ; C:/Users/Hurl3/Desktop/CSE141LTermProject/Verilog/PC.sv                   ;         ;
; ../../Verilog/MUX2x1.sv                                          ; yes             ; User SystemVerilog HDL File  ; C:/Users/Hurl3/Desktop/CSE141LTermProject/Verilog/MUX2x1.sv               ;         ;
; ../../Verilog/instr_ROM.sv                                       ; yes             ; User SystemVerilog HDL File  ; C:/Users/Hurl3/Desktop/CSE141LTermProject/Verilog/instr_ROM.sv            ;         ;
; ../../Verilog/immediate_Controller.sv                            ; yes             ; User SystemVerilog HDL File  ; C:/Users/Hurl3/Desktop/CSE141LTermProject/Verilog/immediate_Controller.sv ;         ;
; ../../Verilog/half_byte_parser.sv                                ; yes             ; User SystemVerilog HDL File  ; C:/Users/Hurl3/Desktop/CSE141LTermProject/Verilog/half_byte_parser.sv     ;         ;
; ../../Verilog/decoder.sv                                         ; yes             ; User SystemVerilog HDL File  ; C:/Users/Hurl3/Desktop/CSE141LTermProject/Verilog/decoder.sv              ;         ;
; ../../Verilog/dat_mem.sv                                         ; yes             ; User SystemVerilog HDL File  ; C:/Users/Hurl3/Desktop/CSE141LTermProject/Verilog/dat_mem.sv              ;         ;
; ../../Verilog/Control.sv                                         ; yes             ; User SystemVerilog HDL File  ; C:/Users/Hurl3/Desktop/CSE141LTermProject/Verilog/Control.sv              ;         ;
; ../../Verilog/alu.sv                                             ; yes             ; User SystemVerilog HDL File  ; C:/Users/Hurl3/Desktop/CSE141LTermProject/Verilog/alu.sv                  ;         ;
; /users/hurl3/desktop/cse141ltermproject/verilog/machine_code.txt ; yes             ; Auto-Found File              ; /users/hurl3/desktop/cse141ltermproject/verilog/machine_code.txt          ;         ;
+------------------------------------------------------------------+-----------------+------------------------------+---------------------------------------------------------------------------+---------+


+---------------------------------------------------------+
; Analysis & Synthesis Resource Usage Summary             ;
+---------------------------------------------+-----------+
; Resource                                    ; Usage     ;
+---------------------------------------------+-----------+
; Estimated Total logic elements              ; 4,412     ;
;                                             ;           ;
; Total combinational functions               ; 2348      ;
; Logic element usage by number of LUT inputs ;           ;
;     -- 4 input functions                    ; 2186      ;
;     -- 3 input functions                    ; 107       ;
;     -- <=2 input functions                  ; 55        ;
;                                             ;           ;
; Logic elements by mode                      ;           ;
;     -- normal mode                          ; 2290      ;
;     -- arithmetic mode                      ; 58        ;
;                                             ;           ;
; Total registers                             ; 2100      ;
;     -- Dedicated logic registers            ; 2100      ;
;     -- I/O registers                        ; 0         ;
;                                             ;           ;
; I/O pins                                    ; 3         ;
;                                             ;           ;
; Embedded Multiplier 9-bit elements          ; 0         ;
;                                             ;           ;
; Maximum fan-out node                        ; clk~input ;
; Maximum fan-out                             ; 2100      ;
; Total fan-out                               ; 15471     ;
; Average fan-out                             ; 3.47      ;
+---------------------------------------------+-----------+


+----------------------------------------------------------------------------------------------------------------------------------------------------------------------------------------------------------------------------------------------+
; Analysis & Synthesis Resource Utilization by Entity                                                                                                                                                                                          ;
+-------------------------------------+---------------------+---------------------------+-------------+--------------+---------+-----------+------+--------------+-------------------------------------------+------------------+--------------+
; Compilation Hierarchy Node          ; Combinational ALUTs ; Dedicated Logic Registers ; Memory Bits ; DSP Elements ; DSP 9x9 ; DSP 18x18 ; Pins ; Virtual Pins ; Full Hierarchy Name                       ; Entity Name      ; Library Name ;
+-------------------------------------+---------------------+---------------------------+-------------+--------------+---------+-----------+------+--------------+-------------------------------------------+------------------+--------------+
; |top_level                          ; 2348 (0)            ; 2100 (0)                  ; 0           ; 0            ; 0       ; 0         ; 3    ; 0            ; |top_level                                ; top_level        ; work         ;
;    |Control:ctrl1|                  ; 19 (19)             ; 0 (0)                     ; 0           ; 0            ; 0       ; 0         ; 0    ; 0            ; |top_level|Control:ctrl1                  ; Control          ; work         ;
;    |PC:pc1|                         ; 46 (46)             ; 12 (12)                   ; 0           ; 0            ; 0       ; 0         ; 0    ; 0            ; |top_level|PC:pc1                         ; PC               ; work         ;
;    |PC_Controller:pc1_ctrl|         ; 13 (13)             ; 0 (0)                     ; 0           ; 0            ; 0       ; 0         ; 0    ; 0            ; |top_level|PC_Controller:pc1_ctrl         ; PC_Controller    ; work         ;
;    |Register_Mapper:reg_mapper|     ; 29 (29)             ; 8 (8)                     ; 0           ; 0            ; 0       ; 0         ; 0    ; 0            ; |top_level|Register_Mapper:reg_mapper     ; Register_Mapper  ; work         ;
;    |alu:alu1|                       ; 307 (307)           ; 0 (0)                     ; 0           ; 0            ; 0       ; 0         ; 0    ; 0            ; |top_level|alu:alu1                       ; alu              ; work         ;
;    |dat_mem:dm1|                    ; 1648 (1648)         ; 2048 (2048)               ; 0           ; 0            ; 0       ; 0         ; 0    ; 0            ; |top_level|dat_mem:dm1                    ; dat_mem          ; work         ;
;    |half_byte_parser:hbparser|      ; 2 (2)               ; 0 (0)                     ; 0           ; 0            ; 0       ; 0         ; 0    ; 0            ; |top_level|half_byte_parser:hbparser      ; half_byte_parser ; work         ;
;    |instr_ROM:instructions|         ; 217 (217)           ; 0 (0)                     ; 0           ; 0            ; 0       ; 0         ; 0    ; 0            ; |top_level|instr_ROM:instructions         ; instr_ROM        ; work         ;
;    |mux_2x1:alu_in2_mux|            ; 8 (8)               ; 0 (0)                     ; 0           ; 0            ; 0       ; 0         ; 0    ; 0            ; |top_level|mux_2x1:alu_in2_mux            ; mux_2x1          ; work         ;
;    |mux_2x1:op1_branch_mux|         ; 2 (2)               ; 0 (0)                     ; 0           ; 0            ; 0       ; 0         ; 0    ; 0            ; |top_level|mux_2x1:op1_branch_mux         ; mux_2x1          ; work         ;
;    |mux_2x1:op2_address_mux|        ; 6 (6)               ; 0 (0)                     ; 0           ; 0            ; 0       ; 0         ; 0    ; 0            ; |top_level|mux_2x1:op2_address_mux        ; mux_2x1          ; work         ;
;    |mux_2x1:reg_dat_mux|            ; 10 (10)             ; 0 (0)                     ; 0           ; 0            ; 0       ; 0         ; 0    ; 0            ; |top_level|mux_2x1:reg_dat_mux            ; mux_2x1          ; work         ;
;    |mux_2x1:xor_operand_select_mux| ; 3 (3)               ; 0 (0)                     ; 0           ; 0            ; 0       ; 0         ; 0    ; 0            ; |top_level|mux_2x1:xor_operand_select_mux ; mux_2x1          ; work         ;
;    |reg_file:rf1|                   ; 38 (38)             ; 32 (32)                   ; 0           ; 0            ; 0       ; 0         ; 0    ; 0            ; |top_level|reg_file:rf1                   ; reg_file         ; work         ;
+-------------------------------------+---------------------+---------------------------+-------------+--------------+---------+-----------+------+--------------+-------------------------------------------+------------------+--------------+
Note: For table entries with two numbers listed, the numbers in parentheses indicate the number of resources of the given type used by the specific entity alone. The numbers listed outside of parentheses indicate the total resources of the given type used by the specific entity and all of its sub-entities in the hierarchy.


+------------------------------------------------------+
; General Register Statistics                          ;
+----------------------------------------------+-------+
; Statistic                                    ; Value ;
+----------------------------------------------+-------+
; Total registers                              ; 2100  ;
; Number of registers using Synchronous Clear  ; 4     ;
; Number of registers using Synchronous Load   ; 4     ;
; Number of registers using Asynchronous Clear ; 0     ;
; Number of registers using Asynchronous Load  ; 0     ;
; Number of registers using Clock Enable       ; 2088  ;
; Number of registers using Preset             ; 0     ;
+----------------------------------------------+-------+


+---------------------------------------------------------------------------------------------------------------------------------------------------------------------------------+
; Multiplexer Restructuring Statistics (Restructuring Performed)                                                                                                                  ;
+--------------------+-----------+---------------+----------------------+------------------------+------------+-------------------------------------------------------------------+
; Multiplexer Inputs ; Bus Width ; Baseline Area ; Area if Restructured ; Saving if Restructured ; Registered ; Example Multiplexer Output                                        ;
+--------------------+-----------+---------------+----------------------+------------------------+------------+-------------------------------------------------------------------+
; 4:1                ; 12 bits   ; 24 LEs        ; 24 LEs               ; 0 LEs                  ; Yes        ; |top_level|PC:pc1|prog_ctr[7]                                     ;
; 5:1                ; 2 bits    ; 6 LEs         ; 4 LEs                ; 2 LEs                  ; Yes        ; |top_level|Register_Mapper:reg_mapper|register_mappings_reg[3][0] ;
; 5:1                ; 2 bits    ; 6 LEs         ; 4 LEs                ; 2 LEs                  ; Yes        ; |top_level|Register_Mapper:reg_mapper|register_mappings_reg[2][0] ;
; 5:1                ; 2 bits    ; 6 LEs         ; 4 LEs                ; 2 LEs                  ; Yes        ; |top_level|Register_Mapper:reg_mapper|register_mappings_reg[1][1] ;
; 5:1                ; 2 bits    ; 6 LEs         ; 4 LEs                ; 2 LEs                  ; Yes        ; |top_level|Register_Mapper:reg_mapper|register_mappings_reg[0][1] ;
; 3:1                ; 4 bits    ; 8 LEs         ; 8 LEs                ; 0 LEs                  ; No         ; |top_level|mux_2x1:reg_dat_mux|out[6]                             ;
; 3:1                ; 4 bits    ; 8 LEs         ; 8 LEs                ; 0 LEs                  ; No         ; |top_level|mux_2x1:reg_dat_mux|out[3]                             ;
; 4:1                ; 2 bits    ; 4 LEs         ; 4 LEs                ; 0 LEs                  ; No         ; |top_level|Register_Mapper:reg_mapper|Mux5                        ;
; 4:1                ; 2 bits    ; 4 LEs         ; 4 LEs                ; 0 LEs                  ; No         ; |top_level|Register_Mapper:reg_mapper|Mux1                        ;
; 4:1                ; 2 bits    ; 4 LEs         ; 4 LEs                ; 0 LEs                  ; No         ; |top_level|Register_Mapper:reg_mapper|Mux2                        ;
; 3:1                ; 2 bits    ; 4 LEs         ; 4 LEs                ; 0 LEs                  ; No         ; |top_level|mux_2x1:alu_in2_mux|out[3]                             ;
; 3:1                ; 2 bits    ; 4 LEs         ; 4 LEs                ; 0 LEs                  ; No         ; |top_level|mux_2x1:op2_address_mux|out[1]                         ;
; 3:1                ; 2 bits    ; 4 LEs         ; 4 LEs                ; 0 LEs                  ; No         ; |top_level|mux_2x1:xor_operand_select_mux|out[0]                  ;
+--------------------+-----------+---------------+----------------------+------------------------+------------+-------------------------------------------------------------------+


+---------------------------------------------------------------------------+
; Parameter Settings for User Entity Instance: Top-level Entity: |top_level ;
+----------------+-------+--------------------------------------------------+
; Parameter Name ; Value ; Type                                             ;
+----------------+-------+--------------------------------------------------+
; D              ; 12    ; Signed Integer                                   ;
+----------------+-------+--------------------------------------------------+
Note: In order to hide this table in the UI and the text report file, please set the "Show Parameter Settings in Synthesis Report" option in "Analysis and Synthesis Settings -> More Settings" to "Off".


+-----------------------------------------------------+
; Parameter Settings for User Entity Instance: PC:pc1 ;
+----------------+-------+----------------------------+
; Parameter Name ; Value ; Type                       ;
+----------------+-------+----------------------------+
; D              ; 12    ; Signed Integer             ;
+----------------+-------+----------------------------+
Note: In order to hide this table in the UI and the text report file, please set the "Show Parameter Settings in Synthesis Report" option in "Analysis and Synthesis Settings -> More Settings" to "Off".


+---------------------------------------------------------------------+
; Parameter Settings for User Entity Instance: PC_Controller:pc1_ctrl ;
+----------------+-------+--------------------------------------------+
; Parameter Name ; Value ; Type                                       ;
+----------------+-------+--------------------------------------------+
; D              ; 12    ; Signed Integer                             ;
+----------------+-------+--------------------------------------------+
Note: In order to hide this table in the UI and the text report file, please set the "Show Parameter Settings in Synthesis Report" option in "Analysis and Synthesis Settings -> More Settings" to "Off".


+---------------------------------------------------------------------+
; Parameter Settings for User Entity Instance: instr_ROM:instructions ;
+----------------+-------+--------------------------------------------+
; Parameter Name ; Value ; Type                                       ;
+----------------+-------+--------------------------------------------+
; D              ; 12    ; Signed Integer                             ;
+----------------+-------+--------------------------------------------+
Note: In order to hide this table in the UI and the text report file, please set the "Show Parameter Settings in Synthesis Report" option in "Analysis and Synthesis Settings -> More Settings" to "Off".


+-----------------------------------------------------------------------------+
; Parameter Settings for User Entity Instance: immediate_ctrl:immediate_ctrl1 ;
+----------------+-------+----------------------------------------------------+
; Parameter Name ; Value ; Type                                               ;
+----------------+-------+----------------------------------------------------+
; width          ; 4     ; Signed Integer                                     ;
+----------------+-------+----------------------------------------------------+
Note: In order to hide this table in the UI and the text report file, please set the "Show Parameter Settings in Synthesis Report" option in "Analysis and Synthesis Settings -> More Settings" to "Off".


+------------------------------------------------------------------+
; Parameter Settings for User Entity Instance: mux_2x1:reg_dat_mux ;
+----------------+-------+-----------------------------------------+
; Parameter Name ; Value ; Type                                    ;
+----------------+-------+-----------------------------------------+
; len            ; 8     ; Signed Integer                          ;
+----------------+-------+-----------------------------------------+
Note: In order to hide this table in the UI and the text report file, please set the "Show Parameter Settings in Synthesis Report" option in "Analysis and Synthesis Settings -> More Settings" to "Off".


+---------------------------------------------------------------------+
; Parameter Settings for User Entity Instance: mux_2x1:op1_branch_mux ;
+----------------+-------+--------------------------------------------+
; Parameter Name ; Value ; Type                                       ;
+----------------+-------+--------------------------------------------+
; len            ; 2     ; Signed Integer                             ;
+----------------+-------+--------------------------------------------+
Note: In order to hide this table in the UI and the text report file, please set the "Show Parameter Settings in Synthesis Report" option in "Analysis and Synthesis Settings -> More Settings" to "Off".


+---------------------------------------------------------------------+
; Parameter Settings for User Entity Instance: mux_2x1:op2_branch_mux ;
+----------------+-------+--------------------------------------------+
; Parameter Name ; Value ; Type                                       ;
+----------------+-------+--------------------------------------------+
; len            ; 2     ; Signed Integer                             ;
+----------------+-------+--------------------------------------------+
Note: In order to hide this table in the UI and the text report file, please set the "Show Parameter Settings in Synthesis Report" option in "Analysis and Synthesis Settings -> More Settings" to "Off".


+----------------------------------------------------------------------+
; Parameter Settings for User Entity Instance: mux_2x1:op2_address_mux ;
+----------------+-------+---------------------------------------------+
; Parameter Name ; Value ; Type                                        ;
+----------------+-------+---------------------------------------------+
; len            ; 2     ; Signed Integer                              ;
+----------------+-------+---------------------------------------------+
Note: In order to hide this table in the UI and the text report file, please set the "Show Parameter Settings in Synthesis Report" option in "Analysis and Synthesis Settings -> More Settings" to "Off".


+-----------------------------------------------------------------+
; Parameter Settings for User Entity Instance: mux_2x1:reg_wr_mux ;
+----------------+-------+----------------------------------------+
; Parameter Name ; Value ; Type                                   ;
+----------------+-------+----------------------------------------+
; len            ; 2     ; Signed Integer                         ;
+----------------+-------+----------------------------------------+
Note: In order to hide this table in the UI and the text report file, please set the "Show Parameter Settings in Synthesis Report" option in "Analysis and Synthesis Settings -> More Settings" to "Off".


+-----------------------------------------------------------------------------+
; Parameter Settings for User Entity Instance: mux_2x1:xor_operand_select_mux ;
+----------------+-------+----------------------------------------------------+
; Parameter Name ; Value ; Type                                               ;
+----------------+-------+----------------------------------------------------+
; len            ; 2     ; Signed Integer                                     ;
+----------------+-------+----------------------------------------------------+
Note: In order to hide this table in the UI and the text report file, please set the "Show Parameter Settings in Synthesis Report" option in "Analysis and Synthesis Settings -> More Settings" to "Off".


+------------------------------------------------------------------------+
; Parameter Settings for User Entity Instance: alu:alu1                  ;
+-------------------+----------------------------------+-----------------+
; Parameter Name    ; Value                            ; Type            ;
+-------------------+----------------------------------+-----------------+
; ADD               ; 00000000000000000000000000001000 ; Unsigned Binary ;
; ADDI              ; 00000000000000000000000000011000 ; Unsigned Binary ;
; SUB               ; 00000000000000000000000000001001 ; Unsigned Binary ;
; MOV               ; 00000000000000000000000000000100 ; Unsigned Binary ;
; MOVI              ; 00000000000000000000000000011001 ; Unsigned Binary ;
; SHIFT_LEFT        ; 00000000000000000000000000001100 ; Unsigned Binary ;
; SHIFT_LEFT_I      ; 00000000000000000000000000011100 ; Unsigned Binary ;
; SHIFT_RIGHT       ; 00000000000000000000000000001101 ; Unsigned Binary ;
; SHIFT_RIGHT_I     ; 00000000000000000000000000011101 ; Unsigned Binary ;
; AND               ; 00000000000000000000000000001010 ; Unsigned Binary ;
; OR                ; 00000000000000000000000000001011 ; Unsigned Binary ;
; ROT_L             ; 00000000000000000000000000011110 ; Unsigned Binary ;
; LOAD_BYTE         ; 00000000000000000000000000010000 ; Unsigned Binary ;
; STORE_BYTE        ; 00000000000000000000000000010001 ; Unsigned Binary ;
; LOAD_TOP_BYTE     ; 00000000000000000000000000010110 ; Unsigned Binary ;
; STORE_TOP_BYTE    ; 00000000000000000000000000010111 ; Unsigned Binary ;
; STORE_TOP_BYTE_I  ; 00000000000000000000000000000110 ; Unsigned Binary ;
; BEQ               ; 00000000000000000000000000000011 ; Unsigned Binary ;
; SLT               ; 00000000000000000000000000000101 ; Unsigned Binary ;
; B                 ; 00000000000000000000000000000010 ; Unsigned Binary ;
; B_LOOKUP          ; 00000000000000000000000000000001 ; Unsigned Binary ;
; BIT_MASK          ; 00000000000000000000000000000111 ; Unsigned Binary ;
; XOR_ADD_REG       ; 00000000000000000000000000001110 ; Unsigned Binary ;
; XOR_REG           ; 00000000000000000000000000001111 ; Unsigned Binary ;
; SWAP              ; 00000000000000000000000000011111 ; Unsigned Binary ;
; LOAD_LOWER_H_BYTE ; 00000000000000000000000000011010 ; Unsigned Binary ;
; LOAD_UPPER_H_BYTE ; 00000000000000000000000000011011 ; Unsigned Binary ;
; NOP               ; 00000000000000000000000000000000 ; Unsigned Binary ;
; DONE              ; 00000000000000000000000000010010 ; Unsigned Binary ;
; AND_MASK_LOOKUP   ; 00000000000000000000000000010011 ; Unsigned Binary ;
; XOR               ; 00000000000000000000000000010100 ; Unsigned Binary ;
+-------------------+----------------------------------+-----------------+
Note: In order to hide this table in the UI and the text report file, please set the "Show Parameter Settings in Synthesis Report" option in "Analysis and Synthesis Settings -> More Settings" to "Off".


+------------------------------------------------------------------+
; Parameter Settings for User Entity Instance: mux_2x1:alu_in2_mux ;
+----------------+-------+-----------------------------------------+
; Parameter Name ; Value ; Type                                    ;
+----------------+-------+-----------------------------------------+
; len            ; 8     ; Signed Integer                          ;
+----------------+-------+-----------------------------------------+
Note: In order to hide this table in the UI and the text report file, please set the "Show Parameter Settings in Synthesis Report" option in "Analysis and Synthesis Settings -> More Settings" to "Off".


+------------------------------------------------------------------------+
; Parameter Settings for User Entity Instance: half_byte_parser:hbparser ;
+----------------+-------+-----------------------------------------------+
; Parameter Name ; Value ; Type                                          ;
+----------------+-------+-----------------------------------------------+
; FULL           ; 00    ; Unsigned Binary                               ;
; LOWER          ; 01    ; Unsigned Binary                               ;
; UPPER          ; 10    ; Unsigned Binary                               ;
+----------------+-------+-----------------------------------------------+
Note: In order to hide this table in the UI and the text report file, please set the "Show Parameter Settings in Synthesis Report" option in "Analysis and Synthesis Settings -> More Settings" to "Off".


+------------------------------------------------------------------------+
; Parameter Settings for User Entity Instance: Control:ctrl1             ;
+-------------------+----------------------------------+-----------------+
; Parameter Name    ; Value                            ; Type            ;
+-------------------+----------------------------------+-----------------+
; ADD               ; 00000000000000000000000000001000 ; Unsigned Binary ;
; ADDI              ; 00000000000000000000000000011000 ; Unsigned Binary ;
; SUB               ; 00000000000000000000000000001001 ; Unsigned Binary ;
; MOV               ; 00000000000000000000000000000100 ; Unsigned Binary ;
; MOVI              ; 00000000000000000000000000011001 ; Unsigned Binary ;
; SHIFT_LEFT        ; 00000000000000000000000000001100 ; Unsigned Binary ;
; SHIFT_LEFT_I      ; 00000000000000000000000000011100 ; Unsigned Binary ;
; SHIFT_RIGHT       ; 00000000000000000000000000001101 ; Unsigned Binary ;
; SHIFT_RIGHT_I     ; 00000000000000000000000000011101 ; Unsigned Binary ;
; AND               ; 00000000000000000000000000001010 ; Unsigned Binary ;
; OR                ; 00000000000000000000000000001011 ; Unsigned Binary ;
; ROT_L             ; 00000000000000000000000000011110 ; Unsigned Binary ;
; LOAD_BYTE         ; 00000000000000000000000000010000 ; Unsigned Binary ;
; STORE_BYTE        ; 00000000000000000000000000010001 ; Unsigned Binary ;
; LOAD_TOP_BYTE     ; 00000000000000000000000000010110 ; Unsigned Binary ;
; STORE_TOP_BYTE    ; 00000000000000000000000000010111 ; Unsigned Binary ;
; STORE_TOP_BYTE_I  ; 00000000000000000000000000000110 ; Unsigned Binary ;
; BEQ               ; 00000000000000000000000000000011 ; Unsigned Binary ;
; SLT               ; 00000000000000000000000000000101 ; Unsigned Binary ;
; B                 ; 00000000000000000000000000000010 ; Unsigned Binary ;
; B_LOOKUP          ; 00000000000000000000000000000001 ; Unsigned Binary ;
; BIT_MASK          ; 00000000000000000000000000000111 ; Unsigned Binary ;
; XOR_ADD_REG       ; 00000000000000000000000000001110 ; Unsigned Binary ;
; XOR_REG           ; 00000000000000000000000000001111 ; Unsigned Binary ;
; SWAP              ; 00000000000000000000000000011111 ; Unsigned Binary ;
; LOAD_LOWER_H_BYTE ; 00000000000000000000000000011010 ; Unsigned Binary ;
; LOAD_UPPER_H_BYTE ; 00000000000000000000000000011011 ; Unsigned Binary ;
; NOP               ; 00000000000000000000000000000000 ; Unsigned Binary ;
; DONE              ; 00000000000000000000000000010010 ; Unsigned Binary ;
; AND_MASK_LOOKUP   ; 00000000000000000000000000010011 ; Unsigned Binary ;
; XOR               ; 00000000000000000000000000010100 ; Unsigned Binary ;
; FULL              ; 00                               ; Unsigned Binary ;
; LOWER             ; 01                               ; Unsigned Binary ;
; UPPER             ; 10                               ; Unsigned Binary ;
+-------------------+----------------------------------+-----------------+
Note: In order to hide this table in the UI and the text report file, please set the "Show Parameter Settings in Synthesis Report" option in "Analysis and Synthesis Settings -> More Settings" to "Off".


+------------------------------------------------+
; Port Connectivity Checks: "mux_2x1:reg_wr_mux" ;
+------+-------+----------+----------------------+
; Port ; Type  ; Severity ; Details              ;
+------+-------+----------+----------------------+
; in2  ; Input ; Info     ; Stuck at GND         ;
+------+-------+----------+----------------------+


+-----------------------------------------------------------------------------------------------------------------------+
; Port Connectivity Checks: "Register_Mapper:reg_mapper"                                                                ;
+-------------+--------+----------+-------------------------------------------------------------------------------------+
; Port        ; Type   ; Severity ; Details                                                                             ;
+-------------+--------+----------+-------------------------------------------------------------------------------------+
; reg0_mapped ; Output ; Info     ; Connected to dangling logic. Logic that only feeds a dangling port will be removed. ;
+-------------+--------+----------+-------------------------------------------------------------------------------------+


+-----------------------------------------------------+
; Port Connectivity Checks: "mux_2x1:op2_address_mux" ;
+------+-------+----------+---------------------------+
; Port ; Type  ; Severity ; Details                   ;
+------+-------+----------+---------------------------+
; in2  ; Input ; Info     ; Stuck at GND              ;
+------+-------+----------+---------------------------+


+----------------------------------------------------+
; Port Connectivity Checks: "mux_2x1:op2_branch_mux" ;
+--------+-------+----------+------------------------+
; Port   ; Type  ; Severity ; Details                ;
+--------+-------+----------+------------------------+
; in2[1] ; Input ; Info     ; Stuck at GND           ;
; in2[0] ; Input ; Info     ; Stuck at VCC           ;
+--------+-------+----------+------------------------+


+----------------------------------------------------+
; Port Connectivity Checks: "mux_2x1:op1_branch_mux" ;
+------+-------+----------+--------------------------+
; Port ; Type  ; Severity ; Details                  ;
+------+-------+----------+--------------------------+
; in2  ; Input ; Info     ; Stuck at GND             ;
+------+-------+----------+--------------------------+


+-----------------------------------------------------+
; Post-Synthesis Netlist Statistics for Top Partition ;
+-----------------------+-----------------------------+
; Type                  ; Count                       ;
+-----------------------+-----------------------------+
; boundary_port         ; 3                           ;
; cycloneiii_ff         ; 2100                        ;
;     ENA               ; 2080                        ;
;     ENA SCLR          ; 4                           ;
;     ENA SLD           ; 4                           ;
;     plain             ; 12                          ;
; cycloneiii_lcell_comb ; 2348                        ;
;     arith             ; 58                          ;
;         2 data inputs ; 22                          ;
;         3 data inputs ; 36                          ;
;     normal            ; 2290                        ;
;         0 data inputs ; 1                           ;
;         1 data inputs ; 2                           ;
;         2 data inputs ; 30                          ;
;         3 data inputs ; 71                          ;
;         4 data inputs ; 2186                        ;
;                       ;                             ;
; Max LUT depth         ; 31.00                       ;
; Average LUT depth     ; 17.97                       ;
+-----------------------+-----------------------------+


+-------------------------------+
; Elapsed Time Per Partition    ;
+----------------+--------------+
; Partition Name ; Elapsed Time ;
+----------------+--------------+
; Top            ; 00:00:10     ;
+----------------+--------------+


+-------------------------------+
; Analysis & Synthesis Messages ;
+-------------------------------+
Info: *******************************************************************
Info: Running Quartus Prime Analysis & Synthesis
    Info: Version 21.1.1 Build 850 06/23/2022 SJ Lite Edition
    Info: Processing started: Sun Mar 19 10:48:35 2023
Info: Command: quartus_map --read_settings_files=on --write_settings_files=off top_level -c top_level
Warning (18236): Number of processors has not been specified which may cause overloading on shared machines.  Set the global assignment NUM_PARALLEL_PROCESSORS in your QSF to an appropriate value for best performance.
Info (20030): Parallel compilation is enabled and will use 14 of the 14 processors detected
Info (12021): Found 1 design units, including 1 entities, in source file /users/hurl3/desktop/cse141ltermproject/verilog/top_level.sv
    Info (12023): Found entity 1: top_level File: C:/Users/Hurl3/Desktop/CSE141LTermProject/Verilog/top_level.sv Line: 2
Info (12021): Found 1 design units, including 1 entities, in source file /users/hurl3/desktop/cse141ltermproject/verilog/register_mapper.sv
    Info (12023): Found entity 1: Register_Mapper File: C:/Users/Hurl3/Desktop/CSE141LTermProject/Verilog/register_mapper.sv Line: 1
Info (12021): Found 1 design units, including 1 entities, in source file /users/hurl3/desktop/cse141ltermproject/verilog/reg_file.sv
    Info (12023): Found entity 1: reg_file File: C:/Users/Hurl3/Desktop/CSE141LTermProject/Verilog/reg_file.sv Line: 3
Info (12021): Found 1 design units, including 1 entities, in source file /users/hurl3/desktop/cse141ltermproject/verilog/pc_controller.sv
    Info (12023): Found entity 1: PC_Controller File: C:/Users/Hurl3/Desktop/CSE141LTermProject/Verilog/PC_Controller.sv Line: 1
Info (12021): Found 1 design units, including 1 entities, in source file /users/hurl3/desktop/cse141ltermproject/verilog/pc.sv
    Info (12023): Found entity 1: PC File: C:/Users/Hurl3/Desktop/CSE141LTermProject/Verilog/PC.sv Line: 4
Info (12021): Found 1 design units, including 1 entities, in source file /users/hurl3/desktop/cse141ltermproject/verilog/mux2x1.sv
    Info (12023): Found entity 1: mux_2x1 File: C:/Users/Hurl3/Desktop/CSE141LTermProject/Verilog/MUX2x1.sv Line: 1
Info (12021): Found 1 design units, including 1 entities, in source file /users/hurl3/desktop/cse141ltermproject/verilog/milestone2_quicktest_tb.sv
    Info (12023): Found entity 1: milestone2_quicktest_tb File: C:/Users/Hurl3/Desktop/CSE141LTermProject/Verilog/milestone2_quicktest_tb.sv Line: 1
Info (12021): Found 1 design units, including 1 entities, in source file /users/hurl3/desktop/cse141ltermproject/verilog/instr_rom.sv
    Info (12023): Found entity 1: instr_ROM File: C:/Users/Hurl3/Desktop/CSE141LTermProject/Verilog/instr_ROM.sv Line: 4
Info (12021): Found 1 design units, including 1 entities, in source file /users/hurl3/desktop/cse141ltermproject/verilog/immediate_controller.sv
    Info (12023): Found entity 1: immediate_ctrl File: C:/Users/Hurl3/Desktop/CSE141LTermProject/Verilog/immediate_Controller.sv Line: 1
Info (12021): Found 1 design units, including 1 entities, in source file /users/hurl3/desktop/cse141ltermproject/verilog/half_byte_parser.sv
    Info (12023): Found entity 1: half_byte_parser File: C:/Users/Hurl3/Desktop/CSE141LTermProject/Verilog/half_byte_parser.sv Line: 1
Info (12021): Found 1 design units, including 1 entities, in source file /users/hurl3/desktop/cse141ltermproject/verilog/decoder.sv
    Info (12023): Found entity 1: decoderModule File: C:/Users/Hurl3/Desktop/CSE141LTermProject/Verilog/decoder.sv Line: 1
Info (12021): Found 1 design units, including 1 entities, in source file /users/hurl3/desktop/cse141ltermproject/verilog/dat_mem.sv
    Info (12023): Found entity 1: dat_mem File: C:/Users/Hurl3/Desktop/CSE141LTermProject/Verilog/dat_mem.sv Line: 2
Info (12021): Found 1 design units, including 1 entities, in source file /users/hurl3/desktop/cse141ltermproject/verilog/control.sv
    Info (12023): Found entity 1: Control File: C:/Users/Hurl3/Desktop/CSE141LTermProject/Verilog/Control.sv Line: 2
Info (12021): Found 1 design units, including 1 entities, in source file /users/hurl3/desktop/cse141ltermproject/verilog/alu.sv
    Info (12023): Found entity 1: alu File: C:/Users/Hurl3/Desktop/CSE141LTermProject/Verilog/alu.sv Line: 3
Info (12127): Elaborating entity "top_level" for the top level hierarchy
Info (12128): Elaborating entity "PC" for hierarchy "PC:pc1" File: C:/Users/Hurl3/Desktop/CSE141LTermProject/Verilog/top_level.sv Line: 63
Info (12128): Elaborating entity "PC_Controller" for hierarchy "PC_Controller:pc1_ctrl" File: C:/Users/Hurl3/Desktop/CSE141LTermProject/Verilog/top_level.sv Line: 70
Info (12128): Elaborating entity "instr_ROM" for hierarchy "instr_ROM:instructions" File: C:/Users/Hurl3/Desktop/CSE141LTermProject/Verilog/top_level.sv Line: 76
Warning (10850): Verilog HDL warning at instr_ROM.sv(12): number of words (224) in memory file does not match the number of elements in the address range [0:4095] File: C:/Users/Hurl3/Desktop/CSE141LTermProject/Verilog/instr_ROM.sv Line: 12
Warning (10030): Net "core.data_a" at instr_ROM.sv(8) has no driver or initial value, using a default initial value '0' File: C:/Users/Hurl3/Desktop/CSE141LTermProject/Verilog/instr_ROM.sv Line: 8
Warning (10030): Net "core.waddr_a" at instr_ROM.sv(8) has no driver or initial value, using a default initial value '0' File: C:/Users/Hurl3/Desktop/CSE141LTermProject/Verilog/instr_ROM.sv Line: 8
Warning (10030): Net "core.we_a" at instr_ROM.sv(8) has no driver or initial value, using a default initial value '0' File: C:/Users/Hurl3/Desktop/CSE141LTermProject/Verilog/instr_ROM.sv Line: 8
Info (12128): Elaborating entity "decoderModule" for hierarchy "decoderModule:dec1" File: C:/Users/Hurl3/Desktop/CSE141LTermProject/Verilog/top_level.sv Line: 83
Info (12128): Elaborating entity "immediate_ctrl" for hierarchy "immediate_ctrl:immediate_ctrl1" File: C:/Users/Hurl3/Desktop/CSE141LTermProject/Verilog/top_level.sv Line: 90
Info (12128): Elaborating entity "reg_file" for hierarchy "reg_file:rf1" File: C:/Users/Hurl3/Desktop/CSE141LTermProject/Verilog/top_level.sv Line: 101
Info (12128): Elaborating entity "mux_2x1" for hierarchy "mux_2x1:reg_dat_mux" File: C:/Users/Hurl3/Desktop/CSE141LTermProject/Verilog/top_level.sv Line: 108
Info (12128): Elaborating entity "mux_2x1" for hierarchy "mux_2x1:op1_branch_mux" File: C:/Users/Hurl3/Desktop/CSE141LTermProject/Verilog/top_level.sv Line: 116
Info (12128): Elaborating entity "Register_Mapper" for hierarchy "Register_Mapper:reg_mapper" File: C:/Users/Hurl3/Desktop/CSE141LTermProject/Verilog/top_level.sv Line: 144
Info (12128): Elaborating entity "alu" for hierarchy "alu:alu1" File: C:/Users/Hurl3/Desktop/CSE141LTermProject/Verilog/top_level.sv Line: 167
Warning (10230): Verilog HDL assignment warning at alu.sv(28): truncated value with size 32 to match size of target (8) File: C:/Users/Hurl3/Desktop/CSE141LTermProject/Verilog/alu.sv Line: 28
Warning (10230): Verilog HDL assignment warning at alu.sv(100): truncated value with size 32 to match size of target (8) File: C:/Users/Hurl3/Desktop/CSE141LTermProject/Verilog/alu.sv Line: 100
Warning (10230): Verilog HDL assignment warning at alu.sv(101): truncated value with size 32 to match size of target (8) File: C:/Users/Hurl3/Desktop/CSE141LTermProject/Verilog/alu.sv Line: 101
Warning (10230): Verilog HDL assignment warning at alu.sv(102): truncated value with size 32 to match size of target (8) File: C:/Users/Hurl3/Desktop/CSE141LTermProject/Verilog/alu.sv Line: 102
Warning (10230): Verilog HDL assignment warning at alu.sv(103): truncated value with size 32 to match size of target (8) File: C:/Users/Hurl3/Desktop/CSE141LTermProject/Verilog/alu.sv Line: 103
Info (12128): Elaborating entity "dat_mem" for hierarchy "dat_mem:dm1" File: C:/Users/Hurl3/Desktop/CSE141LTermProject/Verilog/top_level.sv Line: 182
Info (12128): Elaborating entity "half_byte_parser" for hierarchy "half_byte_parser:hbparser" File: C:/Users/Hurl3/Desktop/CSE141LTermProject/Verilog/top_level.sv Line: 189
Info (12128): Elaborating entity "Control" for hierarchy "Control:ctrl1" File: C:/Users/Hurl3/Desktop/CSE141LTermProject/Verilog/top_level.sv Line: 208
Info (276014): Found 2 instances of uninferred RAM logic
    Info (276004): RAM logic "reg_file:rf1|core" is uninferred due to inappropriate RAM size File: C:/Users/Hurl3/Desktop/CSE141LTermProject/Verilog/reg_file.sv Line: 14
    Info (276007): RAM logic "dat_mem:dm1|core" is uninferred due to asynchronous read logic File: C:/Users/Hurl3/Desktop/CSE141LTermProject/Verilog/dat_mem.sv Line: 9
Warning (127007): Memory Initialization File or Hexadecimal (Intel-Format) File "C:/Users/Hurl3/Desktop/CSE141LTermProject/SystemVerilog/Quartus/db/top_level.ram0_instr_ROM_c2895c1c.hdl.mif" contains "don't care" values -- overwriting them with 0s
Info (286030): Timing-Driven Synthesis is running
Info (144001): Generated suppressed messages file C:/Users/Hurl3/Desktop/CSE141LTermProject/SystemVerilog/Quartus/output_files/top_level.map.smsg
Info (16010): Generating hard_block partition "hard_block:auto_generated_inst"
    Info (16011): Adding 0 node(s), including 0 DDIO, 0 PLL, 0 transceiver and 0 LCELL
Info (21057): Implemented 4431 device resources after synthesis - the final resource count might be different
    Info (21058): Implemented 2 input pins
    Info (21059): Implemented 1 output pins
    Info (21061): Implemented 4428 logic cells
Info: Quartus Prime Analysis & Synthesis was successful. 0 errors, 11 warnings
    Info: Peak virtual memory: 4893 megabytes
    Info: Processing ended: Sun Mar 19 10:48:53 2023
    Info: Elapsed time: 00:00:18
    Info: Total CPU time (on all processors): 00:00:14


+------------------------------------------+
; Analysis & Synthesis Suppressed Messages ;
+------------------------------------------+
The suppressed messages can be found in C:/Users/Hurl3/Desktop/CSE141LTermProject/SystemVerilog/Quartus/output_files/top_level.map.smsg.


